<?xml version="1.0" encoding="UTF-8"?>
<coverage generated="1578002225546" clover="3.2.0">
  <project timestamp="1578002225546" name="All files">
    <metrics statements="14" coveredstatements="13" conditionals="7" coveredconditionals="7" methods="9" coveredmethods="8" elements="30" coveredelements="28" complexity="0" loc="14" ncloc="14" packages="1" files="1" classes="1"/>
    <file name="contactos.js" path="/home/anderson/Documentos/proyectos/estudio/unit_test_jest/src/contactos/contactos.js">
      <metrics statements="14" coveredstatements="13" conditionals="7" coveredconditionals="7" methods="9" coveredmethods="8"/>
      <line num="3" count="1" type="stmt"/>
      <line num="7" count="8" type="cond" truecount="2" falsecount="0"/>
      <line num="12" count="7" type="stmt"/>
      <line num="14" count="1" type="stmt"/>
      <line num="18" count="2" type="stmt"/>
      <line num="19" count="6" type="stmt"/>
      <line num="20" count="4" type="stmt"/>
      <line num="22" count="2" type="cond" truecount="2" falsecount="0"/>
      <line num="23" count="1" type="stmt"/>
      <line num="30" count="4" type="stmt"/>
      <line num="33" count="3" type="stmt"/>
      <line num="40" count="2" type="stmt"/>
      <line num="42" count="1" type="stmt"/>
      <line num="46" count="0" type="stmt"/>
    </file>
  </project>
</coverage>
