{"/home/anderson/Documentos/proyectos/estudio/unit_test_jest/src/contactos/contactos.js": {"path":"/home/anderson/Documentos/proyectos/estudio/unit_test_jest/src/contactos/contactos.js","statementMap":{"0":{"start":{"line":3,"column":16},"end":{"line":3,"column":18}},"1":{"start":{"line":7,"column":2},"end":{"line":15,"column":3}},"2":{"start":{"line":12,"column":3},"end":{"line":12,"column":28}},"3":{"start":{"line":14,"column":3},"end":{"line":14,"column":28}},"4":{"start":{"line":18,"column":16},"end":{"line":20,"column":38}},"5":{"start":{"line":19,"column":18},"end":{"line":19,"column":20}},"6":{"start":{"line":20,"column":20},"end":{"line":20,"column":37}},"7":{"start":{"line":22,"column":2},"end":{"line":27,"column":3}},"8":{"start":{"line":23,"column":3},"end":{"line":26,"column":5}},"9":{"start":{"line":30,"column":2},"end":{"line":30,"column":17}},"10":{"start":{"line":33,"column":2},"end":{"line":35,"column":4}},"11":{"start":{"line":40,"column":2},"end":{"line":43,"column":5}},"12":{"start":{"line":42,"column":4},"end":{"line":42,"column":22}},"13":{"start":{"line":46,"column":2},"end":{"line":46,"column":16}}},"fnMap":{"0":{"name":"(anonymous_0)","decl":{"start":{"line":6,"column":1},"end":{"line":6,"column":2}},"loc":{"start":{"line":6,"column":19},"end":{"line":16,"column":2}},"line":6},"1":{"name":"(anonymous_1)","decl":{"start":{"line":17,"column":1},"end":{"line":17,"column":2}},"loc":{"start":{"line":17,"column":20},"end":{"line":28,"column":2}},"line":17},"2":{"name":"(anonymous_2)","decl":{"start":{"line":19,"column":8},"end":{"line":19,"column":9}},"loc":{"start":{"line":19,"column":18},"end":{"line":19,"column":20}},"line":19},"3":{"name":"(anonymous_3)","decl":{"start":{"line":20,"column":14},"end":{"line":20,"column":15}},"loc":{"start":{"line":20,"column":20},"end":{"line":20,"column":37}},"line":20},"4":{"name":"(anonymous_4)","decl":{"start":{"line":29,"column":1},"end":{"line":29,"column":2}},"loc":{"start":{"line":29,"column":13},"end":{"line":31,"column":2}},"line":29},"5":{"name":"(anonymous_5)","decl":{"start":{"line":32,"column":1},"end":{"line":32,"column":2}},"loc":{"start":{"line":32,"column":6},"end":{"line":36,"column":2}},"line":32},"6":{"name":"(anonymous_6)","decl":{"start":{"line":37,"column":1},"end":{"line":37,"column":2}},"loc":{"start":{"line":37,"column":15},"end":{"line":44,"column":2}},"line":37},"7":{"name":"(anonymous_7)","decl":{"start":{"line":41,"column":9},"end":{"line":41,"column":10}},"loc":{"start":{"line":41,"column":23},"end":{"line":43,"column":4}},"line":41},"8":{"name":"(anonymous_8)","decl":{"start":{"line":45,"column":1},"end":{"line":45,"column":2}},"loc":{"start":{"line":45,"column":12},"end":{"line":47,"column":2}},"line":45}},"branchMap":{"0":{"loc":{"start":{"line":7,"column":2},"end":{"line":15,"column":3}},"type":"if","locations":[{"start":{"line":7,"column":2},"end":{"line":15,"column":3}},{"start":{"line":7,"column":2},"end":{"line":15,"column":3}}],"line":7},"1":{"loc":{"start":{"line":8,"column":3},"end":{"line":10,"column":32}},"type":"binary-expr","locations":[{"start":{"line":8,"column":3},"end":{"line":8,"column":36}},{"start":{"line":9,"column":3},"end":{"line":9,"column":35}},{"start":{"line":10,"column":3},"end":{"line":10,"column":32}}],"line":8},"2":{"loc":{"start":{"line":22,"column":2},"end":{"line":27,"column":3}},"type":"if","locations":[{"start":{"line":22,"column":2},"end":{"line":27,"column":3}},{"start":{"line":22,"column":2},"end":{"line":27,"column":3}}],"line":22}},"s":{"0":1,"1":8,"2":7,"3":1,"4":2,"5":6,"6":4,"7":2,"8":1,"9":4,"10":3,"11":2,"12":1,"13":0},"f":{"0":8,"1":2,"2":6,"3":4,"4":4,"5":3,"6":2,"7":1,"8":0},"b":{"0":[7,1],"1":[8,8,8],"2":[1,1]},"_coverageSchema":"43e27e138ebf9cfc5966b082cf9a028302ed4184","hash":"aa8df89e27793d4dfcc799381d2f3725045db5f4"}
}
